2024-01-05T11:59:43.693+07:00  INFO 15796 --- [restartedMain] c.r.todoapplication.TodoApplication      : Starting TodoApplication using Java 21.0.1 with PID 15796 (D:\code\training_java\TodoApplication\target\classes started by lucng in D:\code\training_java\TodoApplication)
2024-01-05T11:59:43.698+07:00  INFO 15796 --- [restartedMain] c.r.todoapplication.TodoApplication      : No active profile set, falling back to 1 default profile: "default"
2024-01-05T11:59:43.821+07:00  INFO 15796 --- [restartedMain] .e.DevToolsPropertyDefaultsPostProcessor : Devtools property defaults active! Set 'spring.devtools.add-properties' to 'false' to disable
2024-01-05T11:59:43.822+07:00  INFO 15796 --- [restartedMain] .e.DevToolsPropertyDefaultsPostProcessor : For additional web related logging consider setting the 'logging.level.web' property to 'DEBUG'
2024-01-05T11:59:46.233+07:00  WARN 15796 --- [restartedMain] o.m.s.mapper.ClassPathMapperScanner      : No MyBatis mapper was found in '[com.research.todoapplication]' package. Please check your configuration.
2024-01-05T11:59:46.961+07:00  INFO 15796 --- [restartedMain] o.s.b.w.embedded.tomcat.TomcatWebServer  : Tomcat initialized with port 8080 (http)
2024-01-05T11:59:46.981+07:00  INFO 15796 --- [restartedMain] o.apache.catalina.core.StandardService   : Starting service [Tomcat]
2024-01-05T11:59:46.982+07:00  INFO 15796 --- [restartedMain] o.apache.catalina.core.StandardEngine    : Starting Servlet engine: [Apache Tomcat/10.1.17]
2024-01-05T11:59:47.074+07:00  INFO 15796 --- [restartedMain] o.a.c.c.C.[Tomcat].[localhost].[/]       : Initializing Spring embedded WebApplicationContext
2024-01-05T11:59:47.074+07:00  INFO 15796 --- [restartedMain] w.s.c.ServletWebServerApplicationContext : Root WebApplicationContext: initialization completed in 3251 ms
2024-01-05T11:59:47.385+07:00 DEBUG 15796 --- [restartedMain] o.s.w.f.ServerHttpObservationFilter      : Filter 'webMvcObservationFilter' configured for use
2024-01-05T11:59:47.853+07:00  INFO 15796 --- [restartedMain] c.r.t.repository.RoleRepository          : RoleRepository created
2024-01-05T11:59:48.489+07:00 DEBUG 15796 --- [restartedMain] s.w.s.m.m.a.RequestMappingHandlerMapping : 25 mappings in 'requestMappingHandlerMapping'
2024-01-05T11:59:48.584+07:00 DEBUG 15796 --- [restartedMain] o.s.w.s.handler.SimpleUrlHandlerMapping  : Patterns [/webjars/**, /**, /swagger-ui*/*swagger-initializer.js, /swagger-ui*/**] in 'resourceHandlerMapping'
2024-01-05T11:59:49.220+07:00  INFO 15796 --- [restartedMain] o.s.b.a.e.web.EndpointLinksResolver      : Exposing 1 endpoint(s) beneath base path '/actuator'
2024-01-05T11:59:49.306+07:00  INFO 15796 --- [restartedMain] o.s.s.web.DefaultSecurityFilterChain     : Will secure any request with [org.springframework.security.web.session.DisableEncodeUrlFilter@67744934, org.springframework.security.web.context.request.async.WebAsyncManagerIntegrationFilter@51149e70, org.springframework.security.web.context.SecurityContextHolderFilter@310fe920, org.springframework.security.web.header.HeaderWriterFilter@3611f1f3, org.springframework.web.filter.CorsFilter@1656433, org.springframework.security.web.csrf.CsrfFilter@3244e031, org.springframework.security.web.authentication.logout.LogoutFilter@73615221, org.springframework.security.web.authentication.www.BasicAuthenticationFilter@6bfba5b7, org.springframework.security.web.savedrequest.RequestCacheAwareFilter@4c207b78, org.springframework.security.web.servletapi.SecurityContextHolderAwareRequestFilter@279f9745, org.springframework.security.web.authentication.AnonymousAuthenticationFilter@8b8e276, org.springframework.security.web.access.ExceptionTranslationFilter@6d3adc73, org.springframework.security.web.access.intercept.AuthorizationFilter@351a8cd0]
2024-01-05T11:59:49.495+07:00 DEBUG 15796 --- [restartedMain] s.w.s.m.m.a.RequestMappingHandlerAdapter : ControllerAdvice beans: 0 @ModelAttribute, 0 @InitBinder, 1 RequestBodyAdvice, 1 ResponseBodyAdvice
2024-01-05T11:59:49.566+07:00 DEBUG 15796 --- [restartedMain] .m.m.a.ExceptionHandlerExceptionResolver : ControllerAdvice beans: 1 @ExceptionHandler, 1 ResponseBodyAdvice
2024-01-05T11:59:50.205+07:00  INFO 15796 --- [restartedMain] o.s.b.d.a.OptionalLiveReloadServer       : LiveReload server is running on port 35729
2024-01-05T11:59:50.308+07:00  INFO 15796 --- [restartedMain] o.s.b.w.embedded.tomcat.TomcatWebServer  : Tomcat started on port 8080 (http) with context path ''
2024-01-05T11:59:50.331+07:00  INFO 15796 --- [restartedMain] c.r.todoapplication.TodoApplication      : Started TodoApplication in 7.542 seconds (process running for 9.121)
2024-01-05T11:59:50.769+07:00  INFO 15796 --- [RMI TCP Connection(3)-172.23.0.1] o.a.c.c.C.[Tomcat].[localhost].[/]       : Initializing Spring DispatcherServlet 'dispatcherServlet'
2024-01-05T11:59:50.769+07:00  INFO 15796 --- [RMI TCP Connection(3)-172.23.0.1] o.s.web.servlet.DispatcherServlet        : Initializing Servlet 'dispatcherServlet'
2024-01-05T11:59:50.770+07:00 DEBUG 15796 --- [RMI TCP Connection(3)-172.23.0.1] o.s.web.servlet.DispatcherServlet        : Detected StandardServletMultipartResolver
2024-01-05T11:59:50.770+07:00 DEBUG 15796 --- [RMI TCP Connection(3)-172.23.0.1] o.s.web.servlet.DispatcherServlet        : Detected AcceptHeaderLocaleResolver
2024-01-05T11:59:50.771+07:00 DEBUG 15796 --- [RMI TCP Connection(3)-172.23.0.1] o.s.web.servlet.DispatcherServlet        : Detected FixedThemeResolver
2024-01-05T11:59:50.770+07:00  INFO 15796 --- [RMI TCP Connection(2)-172.23.0.1] com.zaxxer.hikari.HikariDataSource       : HikariPool-1 - Starting...
2024-01-05T11:59:50.775+07:00 DEBUG 15796 --- [RMI TCP Connection(3)-172.23.0.1] o.s.web.servlet.DispatcherServlet        : Detected org.springframework.web.servlet.view.DefaultRequestToViewNameTranslator@262a22e7
2024-01-05T11:59:50.776+07:00 DEBUG 15796 --- [RMI TCP Connection(3)-172.23.0.1] o.s.web.servlet.DispatcherServlet        : Detected org.springframework.web.servlet.support.SessionFlashMapManager@2a9d0a57
2024-01-05T11:59:50.776+07:00 DEBUG 15796 --- [RMI TCP Connection(3)-172.23.0.1] o.s.web.servlet.DispatcherServlet        : enableLoggingRequestDetails='false': request parameters and headers will be masked to prevent unsafe logging of potentially sensitive data
2024-01-05T11:59:50.776+07:00  INFO 15796 --- [RMI TCP Connection(3)-172.23.0.1] o.s.web.servlet.DispatcherServlet        : Completed initialization in 7 ms
2024-01-05T11:59:51.381+07:00  INFO 15796 --- [RMI TCP Connection(2)-172.23.0.1] com.zaxxer.hikari.pool.HikariPool        : HikariPool-1 - Added connection com.mysql.cj.jdbc.ConnectionImpl@20dab856
2024-01-05T11:59:51.387+07:00  INFO 15796 --- [RMI TCP Connection(2)-172.23.0.1] com.zaxxer.hikari.HikariDataSource       : HikariPool-1 - Start completed.
2024-01-05T12:00:04.014+07:00  INFO 15796 --- [SpringApplicationShutdownHook] com.zaxxer.hikari.HikariDataSource       : HikariPool-1 - Shutdown initiated...
2024-01-05T12:00:04.048+07:00  INFO 15796 --- [SpringApplicationShutdownHook] com.zaxxer.hikari.HikariDataSource       : HikariPool-1 - Shutdown completed.
2024-01-05T13:19:32.171+07:00  INFO 13376 --- [restartedMain] c.r.todoapplication.TodoApplication      : Starting TodoApplication using Java 21.0.1 with PID 13376 (D:\code\training_java\TodoApplication\target\classes started by lucng in D:\code\training_java\TodoApplication)
2024-01-05T13:19:32.175+07:00  INFO 13376 --- [restartedMain] c.r.todoapplication.TodoApplication      : No active profile set, falling back to 1 default profile: "default"
2024-01-05T13:19:32.261+07:00  INFO 13376 --- [restartedMain] .e.DevToolsPropertyDefaultsPostProcessor : Devtools property defaults active! Set 'spring.devtools.add-properties' to 'false' to disable
2024-01-05T13:19:32.261+07:00  INFO 13376 --- [restartedMain] .e.DevToolsPropertyDefaultsPostProcessor : For additional web related logging consider setting the 'logging.level.web' property to 'DEBUG'
2024-01-05T13:19:34.989+07:00  WARN 13376 --- [restartedMain] o.m.s.mapper.ClassPathMapperScanner      : No MyBatis mapper was found in '[com.research.todoapplication]' package. Please check your configuration.
2024-01-05T13:19:35.921+07:00  INFO 13376 --- [restartedMain] o.s.b.w.embedded.tomcat.TomcatWebServer  : Tomcat initialized with port 8080 (http)
2024-01-05T13:19:35.948+07:00  INFO 13376 --- [restartedMain] o.apache.catalina.core.StandardService   : Starting service [Tomcat]
2024-01-05T13:19:35.948+07:00  INFO 13376 --- [restartedMain] o.apache.catalina.core.StandardEngine    : Starting Servlet engine: [Apache Tomcat/10.1.17]
2024-01-05T13:19:36.064+07:00  INFO 13376 --- [restartedMain] o.a.c.c.C.[Tomcat].[localhost].[/]       : Initializing Spring embedded WebApplicationContext
2024-01-05T13:19:36.065+07:00  INFO 13376 --- [restartedMain] w.s.c.ServletWebServerApplicationContext : Root WebApplicationContext: initialization completed in 3803 ms
2024-01-05T13:19:36.377+07:00 DEBUG 13376 --- [restartedMain] o.s.w.f.ServerHttpObservationFilter      : Filter 'webMvcObservationFilter' configured for use
2024-01-05T13:19:36.979+07:00  INFO 13376 --- [restartedMain] c.r.t.repository.RoleRepository          : RoleRepository created
2024-01-05T13:19:37.463+07:00 DEBUG 13376 --- [restartedMain] s.w.s.m.m.a.RequestMappingHandlerMapping : 25 mappings in 'requestMappingHandlerMapping'
2024-01-05T13:19:37.551+07:00 DEBUG 13376 --- [restartedMain] o.s.w.s.handler.SimpleUrlHandlerMapping  : Patterns [/webjars/**, /**, /swagger-ui*/*swagger-initializer.js, /swagger-ui*/**] in 'resourceHandlerMapping'
2024-01-05T13:19:37.765+07:00  INFO 13376 --- [restartedMain] o.s.b.a.e.web.EndpointLinksResolver      : Exposing 1 endpoint(s) beneath base path '/actuator'
2024-01-05T13:19:37.843+07:00  INFO 13376 --- [restartedMain] o.s.s.web.DefaultSecurityFilterChain     : Will secure any request with [org.springframework.security.web.session.DisableEncodeUrlFilter@58caf498, org.springframework.security.web.context.request.async.WebAsyncManagerIntegrationFilter@12b0c0cf, org.springframework.security.web.context.SecurityContextHolderFilter@6b913c21, org.springframework.security.web.header.HeaderWriterFilter@3ded0cc8, org.springframework.web.filter.CorsFilter@56525635, org.springframework.security.web.csrf.CsrfFilter@25c0b150, org.springframework.security.web.authentication.logout.LogoutFilter@24f9ad2a, org.springframework.security.web.authentication.www.BasicAuthenticationFilter@1e8a9751, org.springframework.security.web.savedrequest.RequestCacheAwareFilter@2feeb53e, org.springframework.security.web.servletapi.SecurityContextHolderAwareRequestFilter@4690f83b, org.springframework.security.web.authentication.AnonymousAuthenticationFilter@72859e75, org.springframework.security.web.access.ExceptionTranslationFilter@19740ea7, org.springframework.security.web.access.intercept.AuthorizationFilter@652a6afa]
2024-01-05T13:19:37.937+07:00 DEBUG 13376 --- [restartedMain] s.w.s.m.m.a.RequestMappingHandlerAdapter : ControllerAdvice beans: 0 @ModelAttribute, 0 @InitBinder, 1 RequestBodyAdvice, 1 ResponseBodyAdvice
2024-01-05T13:19:37.999+07:00 DEBUG 13376 --- [restartedMain] .m.m.a.ExceptionHandlerExceptionResolver : ControllerAdvice beans: 1 @ExceptionHandler, 1 ResponseBodyAdvice
2024-01-05T13:19:38.418+07:00  INFO 13376 --- [restartedMain] o.s.b.d.a.OptionalLiveReloadServer       : LiveReload server is running on port 35729
2024-01-05T13:19:38.516+07:00  INFO 13376 --- [restartedMain] o.s.b.w.embedded.tomcat.TomcatWebServer  : Tomcat started on port 8080 (http) with context path ''
2024-01-05T13:19:38.535+07:00  INFO 13376 --- [restartedMain] c.r.todoapplication.TodoApplication      : Started TodoApplication in 7.169 seconds (process running for 8.757)
2024-01-05T13:19:38.967+07:00  INFO 13376 --- [RMI TCP Connection(2)-172.23.0.1] o.a.c.c.C.[Tomcat].[localhost].[/]       : Initializing Spring DispatcherServlet 'dispatcherServlet'
2024-01-05T13:19:38.968+07:00  INFO 13376 --- [RMI TCP Connection(2)-172.23.0.1] o.s.web.servlet.DispatcherServlet        : Initializing Servlet 'dispatcherServlet'
2024-01-05T13:19:38.969+07:00 DEBUG 13376 --- [RMI TCP Connection(2)-172.23.0.1] o.s.web.servlet.DispatcherServlet        : Detected StandardServletMultipartResolver
2024-01-05T13:19:38.969+07:00 DEBUG 13376 --- [RMI TCP Connection(2)-172.23.0.1] o.s.web.servlet.DispatcherServlet        : Detected AcceptHeaderLocaleResolver
2024-01-05T13:19:38.969+07:00 DEBUG 13376 --- [RMI TCP Connection(2)-172.23.0.1] o.s.web.servlet.DispatcherServlet        : Detected FixedThemeResolver
2024-01-05T13:19:38.972+07:00 DEBUG 13376 --- [RMI TCP Connection(2)-172.23.0.1] o.s.web.servlet.DispatcherServlet        : Detected org.springframework.web.servlet.view.DefaultRequestToViewNameTranslator@33b1fba0
2024-01-05T13:19:38.973+07:00 DEBUG 13376 --- [RMI TCP Connection(2)-172.23.0.1] o.s.web.servlet.DispatcherServlet        : Detected org.springframework.web.servlet.support.SessionFlashMapManager@8d0875b
2024-01-05T13:19:38.972+07:00  INFO 13376 --- [RMI TCP Connection(1)-172.23.0.1] com.zaxxer.hikari.HikariDataSource       : HikariPool-1 - Starting...
2024-01-05T13:19:38.974+07:00 DEBUG 13376 --- [RMI TCP Connection(2)-172.23.0.1] o.s.web.servlet.DispatcherServlet        : enableLoggingRequestDetails='false': request parameters and headers will be masked to prevent unsafe logging of potentially sensitive data
2024-01-05T13:19:38.975+07:00  INFO 13376 --- [RMI TCP Connection(2)-172.23.0.1] o.s.web.servlet.DispatcherServlet        : Completed initialization in 7 ms
2024-01-05T13:19:39.689+07:00  INFO 13376 --- [RMI TCP Connection(1)-172.23.0.1] com.zaxxer.hikari.pool.HikariPool        : HikariPool-1 - Added connection com.mysql.cj.jdbc.ConnectionImpl@b84bb3b
2024-01-05T13:19:39.697+07:00  INFO 13376 --- [RMI TCP Connection(1)-172.23.0.1] com.zaxxer.hikari.HikariDataSource       : HikariPool-1 - Start completed.
2024-01-05T13:19:51.861+07:00 DEBUG 13376 --- [http-nio-8080-exec-3] o.s.web.servlet.DispatcherServlet        : GET "/swagger-ui/index.html", parameters={}
2024-01-05T13:19:51.861+07:00 DEBUG 13376 --- [http-nio-8080-exec-3] o.s.w.s.handler.SimpleUrlHandlerMapping  : Mapped to ResourceHttpRequestHandler [classpath [META-INF/resources/webjars/]]
2024-01-05T13:19:51.908+07:00 DEBUG 13376 --- [http-nio-8080-exec-3] o.s.web.servlet.DispatcherServlet        : Completed 200 OK
2024-01-05T13:19:52.023+07:00 DEBUG 13376 --- [http-nio-8080-exec-4] o.s.web.servlet.DispatcherServlet        : GET "/swagger-ui/swagger-ui.css", parameters={}
2024-01-05T13:19:52.023+07:00 DEBUG 13376 --- [http-nio-8080-exec-6] o.s.web.servlet.DispatcherServlet        : GET "/swagger-ui/swagger-ui-bundle.js", parameters={}
2024-01-05T13:19:52.023+07:00 DEBUG 13376 --- [http-nio-8080-exec-4] o.s.w.s.handler.SimpleUrlHandlerMapping  : Mapped to ResourceHttpRequestHandler [classpath [META-INF/resources/webjars/]]
2024-01-05T13:19:52.039+07:00 DEBUG 13376 --- [http-nio-8080-exec-6] o.s.w.s.handler.SimpleUrlHandlerMapping  : Mapped to ResourceHttpRequestHandler [classpath [META-INF/resources/webjars/]]
2024-01-05T13:19:52.039+07:00 DEBUG 13376 --- [http-nio-8080-exec-5] o.s.web.servlet.DispatcherServlet        : GET "/swagger-ui/index.css", parameters={}
2024-01-05T13:19:52.042+07:00 DEBUG 13376 --- [http-nio-8080-exec-5] o.s.w.s.handler.SimpleUrlHandlerMapping  : Mapped to ResourceHttpRequestHandler [classpath [META-INF/resources/webjars/]]
2024-01-05T13:19:52.045+07:00 DEBUG 13376 --- [http-nio-8080-exec-8] o.s.web.servlet.DispatcherServlet        : GET "/swagger-ui/swagger-initializer.js", parameters={}
2024-01-05T13:19:52.046+07:00 DEBUG 13376 --- [http-nio-8080-exec-7] o.s.web.servlet.DispatcherServlet        : GET "/swagger-ui/swagger-ui-standalone-preset.js", parameters={}
2024-01-05T13:19:52.047+07:00 DEBUG 13376 --- [http-nio-8080-exec-7] o.s.w.s.handler.SimpleUrlHandlerMapping  : Mapped to ResourceHttpRequestHandler [classpath [META-INF/resources/webjars/]]
2024-01-05T13:19:52.047+07:00 DEBUG 13376 --- [http-nio-8080-exec-8] o.s.w.s.handler.SimpleUrlHandlerMapping  : Mapped to ResourceHttpRequestHandler [classpath [META-INF/resources/webjars/]]
2024-01-05T13:19:52.061+07:00 DEBUG 13376 --- [http-nio-8080-exec-5] o.s.web.servlet.DispatcherServlet        : Completed 200 OK
2024-01-05T13:19:52.077+07:00 DEBUG 13376 --- [http-nio-8080-exec-4] o.s.web.servlet.DispatcherServlet        : Completed 200 OK
2024-01-05T13:19:52.103+07:00 DEBUG 13376 --- [http-nio-8080-exec-6] o.s.web.servlet.DispatcherServlet        : Completed 200 OK
2024-01-05T13:19:52.145+07:00 DEBUG 13376 --- [http-nio-8080-exec-7] o.s.web.servlet.DispatcherServlet        : Completed 200 OK
2024-01-05T13:19:52.152+07:00 DEBUG 13376 --- [http-nio-8080-exec-8] o.s.web.servlet.DispatcherServlet        : Completed 200 OK
2024-01-05T13:19:52.565+07:00 DEBUG 13376 --- [http-nio-8080-exec-9] o.s.web.servlet.DispatcherServlet        : GET "/v3/api-docs/swagger-config", parameters={}
2024-01-05T13:19:52.566+07:00 DEBUG 13376 --- [http-nio-8080-exec-9] s.w.s.m.m.a.RequestMappingHandlerMapping : Mapped to org.springdoc.webmvc.ui.SwaggerConfigResource#openapiJson(HttpServletRequest)
2024-01-05T13:19:52.587+07:00 DEBUG 13376 --- [http-nio-8080-exec-9] m.m.a.RequestResponseBodyMethodProcessor : Using 'application/json', given [*/*] and supported [application/json]
2024-01-05T13:19:52.588+07:00 DEBUG 13376 --- [http-nio-8080-exec-9] m.m.a.RequestResponseBodyMethodProcessor : Writing [{configUrl=/v3/api-docs/swagger-config, oauth2RedirectUrl=http://localhost:8080/swagger-ui/oauth2-re (truncated)...]
2024-01-05T13:19:52.597+07:00 DEBUG 13376 --- [http-nio-8080-exec-9] o.s.web.servlet.DispatcherServlet        : Completed 200 OK
2024-01-05T13:19:52.688+07:00 DEBUG 13376 --- [http-nio-8080-exec-10] o.s.web.servlet.DispatcherServlet        : GET "/v3/api-docs", parameters={}
2024-01-05T13:19:52.690+07:00 DEBUG 13376 --- [http-nio-8080-exec-10] s.w.s.m.m.a.RequestMappingHandlerMapping : Mapped to org.springdoc.webmvc.api.OpenApiWebMvcResource#openapiJson(HttpServletRequest, String, Locale)
2024-01-05T13:19:53.240+07:00  INFO 13376 --- [http-nio-8080-exec-10] o.springdoc.api.AbstractOpenApiResource  : Init duration for springdoc-openapi is: 531 ms
2024-01-05T13:19:53.307+07:00 DEBUG 13376 --- [http-nio-8080-exec-10] m.m.a.RequestResponseBodyMethodProcessor : Using 'application/json', given [application/json, */*] and supported [application/json]
2024-01-05T13:19:53.315+07:00 DEBUG 13376 --- [http-nio-8080-exec-10] m.m.a.RequestResponseBodyMethodProcessor : Writing [{123, 34, 111, 112, 101, 110, 97, 112, 105, 34, 58, 34, 51, 46, 48, 46, 49, 34, 44, 34, 105, 110, 10 (truncated)...]
2024-01-05T13:19:53.319+07:00 DEBUG 13376 --- [http-nio-8080-exec-10] o.s.web.servlet.DispatcherServlet        : Completed 200 OK
2024-01-05T13:20:12.805+07:00 DEBUG 13376 --- [http-nio-8080-exec-1] o.s.web.servlet.DispatcherServlet        : GET "/api/user", parameters={}
2024-01-05T13:20:12.805+07:00 DEBUG 13376 --- [http-nio-8080-exec-1] s.w.s.m.m.a.RequestMappingHandlerMapping : Mapped to com.research.todoapplication.controller.UserController#getInfo(Principal)
2024-01-05T13:20:12.805+07:00 DEBUG 13376 --- [http-nio-8080-exec-1] o.s.w.s.m.m.a.HttpEntityMethodProcessor  : Using 'application/json', given [*/*] and supported [application/json, application/*+json]
2024-01-05T13:20:12.826+07:00 DEBUG 13376 --- [http-nio-8080-exec-1] o.s.w.s.m.m.a.HttpEntityMethodProcessor  : Writing [ResponeAPI(code=200, message=Success, data=User(userId=1, username=lucnh, roleId=2, password=$2a$10$ (truncated)...]
2024-01-05T13:20:12.831+07:00 DEBUG 13376 --- [http-nio-8080-exec-1] o.s.web.servlet.DispatcherServlet        : Completed 200 OK
2024-01-05T13:20:39.935+07:00 DEBUG 13376 --- [http-nio-8080-exec-2] o.s.web.servlet.DispatcherServlet        : GET "/api/user/todos", parameters={}
2024-01-05T13:20:39.935+07:00 DEBUG 13376 --- [http-nio-8080-exec-2] s.w.s.m.m.a.RequestMappingHandlerMapping : Mapped to com.research.todoapplication.controller.UserController#getAllTodoByUser(Principal)
2024-01-05T13:20:40.179+07:00 DEBUG 13376 --- [http-nio-8080-exec-2] o.s.w.s.m.m.a.HttpEntityMethodProcessor  : Using 'application/json', given [*/*] and supported [application/json, application/*+json]
2024-01-05T13:20:40.183+07:00 DEBUG 13376 --- [http-nio-8080-exec-2] o.s.w.s.m.m.a.HttpEntityMethodProcessor  : Writing [ResponeAPI(code=200, message=Success, data=[Todo(todoId=3, content=test date 4/1/2023, isComplete=1) (truncated)...]
2024-01-05T13:20:40.187+07:00 DEBUG 13376 --- [http-nio-8080-exec-2] o.s.web.servlet.DispatcherServlet        : Completed 200 OK
2024-01-05T13:22:24.424+07:00 DEBUG 13376 --- [http-nio-8080-exec-8] o.s.web.servlet.DispatcherServlet        : GET "/swagger-ui/index.html", parameters={}
2024-01-05T13:22:24.424+07:00 DEBUG 13376 --- [http-nio-8080-exec-8] o.s.w.s.handler.SimpleUrlHandlerMapping  : Mapped to ResourceHttpRequestHandler [classpath [META-INF/resources/webjars/]]
2024-01-05T13:22:24.424+07:00 DEBUG 13376 --- [http-nio-8080-exec-8] o.s.web.servlet.DispatcherServlet        : Completed 200 OK
2024-01-05T13:22:24.505+07:00 DEBUG 13376 --- [http-nio-8080-exec-9] o.s.web.servlet.DispatcherServlet        : GET "/swagger-ui/swagger-ui.css", parameters={}
2024-01-05T13:22:24.505+07:00 DEBUG 13376 --- [http-nio-8080-exec-9] o.s.w.s.handler.SimpleUrlHandlerMapping  : Mapped to ResourceHttpRequestHandler [classpath [META-INF/resources/webjars/]]
2024-01-05T13:22:24.505+07:00 DEBUG 13376 --- [http-nio-8080-exec-1] o.s.web.servlet.DispatcherServlet        : GET "/swagger-ui/swagger-ui-bundle.js", parameters={}
2024-01-05T13:22:24.505+07:00 DEBUG 13376 --- [http-nio-8080-exec-10] o.s.web.servlet.DispatcherServlet        : GET "/swagger-ui/index.css", parameters={}
2024-01-05T13:22:24.505+07:00 DEBUG 13376 --- [http-nio-8080-exec-1] o.s.w.s.handler.SimpleUrlHandlerMapping  : Mapped to ResourceHttpRequestHandler [classpath [META-INF/resources/webjars/]]
2024-01-05T13:22:24.505+07:00 DEBUG 13376 --- [http-nio-8080-exec-10] o.s.w.s.handler.SimpleUrlHandlerMapping  : Mapped to ResourceHttpRequestHandler [classpath [META-INF/resources/webjars/]]
2024-01-05T13:22:24.523+07:00 DEBUG 13376 --- [http-nio-8080-exec-2] o.s.web.servlet.DispatcherServlet        : GET "/swagger-ui/swagger-ui-standalone-preset.js", parameters={}
2024-01-05T13:22:24.523+07:00 DEBUG 13376 --- [http-nio-8080-exec-2] o.s.w.s.handler.SimpleUrlHandlerMapping  : Mapped to ResourceHttpRequestHandler [classpath [META-INF/resources/webjars/]]
2024-01-05T13:22:24.539+07:00 DEBUG 13376 --- [http-nio-8080-exec-10] o.s.web.servlet.DispatcherServlet        : Completed 200 OK
2024-01-05T13:22:24.539+07:00 DEBUG 13376 --- [http-nio-8080-exec-9] o.s.web.servlet.DispatcherServlet        : Completed 200 OK
2024-01-05T13:22:24.563+07:00 DEBUG 13376 --- [http-nio-8080-exec-10] o.s.web.servlet.DispatcherServlet        : GET "/swagger-ui/swagger-initializer.js", parameters={}
2024-01-05T13:22:24.563+07:00 DEBUG 13376 --- [http-nio-8080-exec-10] o.s.w.s.handler.SimpleUrlHandlerMapping  : Mapped to ResourceHttpRequestHandler [classpath [META-INF/resources/webjars/]]
2024-01-05T13:22:24.573+07:00 DEBUG 13376 --- [http-nio-8080-exec-10] o.s.web.servlet.DispatcherServlet        : Completed 200 OK
2024-01-05T13:22:24.643+07:00 DEBUG 13376 --- [http-nio-8080-exec-2] o.s.web.servlet.DispatcherServlet        : Completed 200 OK
2024-01-05T13:22:24.683+07:00 DEBUG 13376 --- [http-nio-8080-exec-1] o.s.web.servlet.DispatcherServlet        : Completed 200 OK
2024-01-05T13:22:25.124+07:00 DEBUG 13376 --- [http-nio-8080-exec-6] o.s.web.servlet.DispatcherServlet        : GET "/swagger-ui/favicon-32x32.png", parameters={}
2024-01-05T13:22:25.124+07:00 DEBUG 13376 --- [http-nio-8080-exec-4] o.s.web.servlet.DispatcherServlet        : GET "/v3/api-docs/swagger-config", parameters={}
2024-01-05T13:22:25.125+07:00 DEBUG 13376 --- [http-nio-8080-exec-6] o.s.w.s.handler.SimpleUrlHandlerMapping  : Mapped to ResourceHttpRequestHandler [classpath [META-INF/resources/webjars/]]
2024-01-05T13:22:25.129+07:00 DEBUG 13376 --- [http-nio-8080-exec-4] s.w.s.m.m.a.RequestMappingHandlerMapping : Mapped to org.springdoc.webmvc.ui.SwaggerConfigResource#openapiJson(HttpServletRequest)
2024-01-05T13:22:25.131+07:00 DEBUG 13376 --- [http-nio-8080-exec-6] o.s.web.servlet.DispatcherServlet        : Completed 200 OK
2024-01-05T13:22:25.131+07:00 DEBUG 13376 --- [http-nio-8080-exec-4] m.m.a.RequestResponseBodyMethodProcessor : Using 'application/json', given [*/*] and supported [application/json]
2024-01-05T13:22:25.133+07:00 DEBUG 13376 --- [http-nio-8080-exec-4] m.m.a.RequestResponseBodyMethodProcessor : Writing [{configUrl=/v3/api-docs/swagger-config, oauth2RedirectUrl=http://localhost:8080/swagger-ui/oauth2-re (truncated)...]
2024-01-05T13:22:25.135+07:00 DEBUG 13376 --- [http-nio-8080-exec-4] o.s.web.servlet.DispatcherServlet        : Completed 200 OK
2024-01-05T13:22:25.292+07:00 DEBUG 13376 --- [http-nio-8080-exec-5] o.s.web.servlet.DispatcherServlet        : GET "/v3/api-docs", parameters={}
2024-01-05T13:22:25.292+07:00 DEBUG 13376 --- [http-nio-8080-exec-5] s.w.s.m.m.a.RequestMappingHandlerMapping : Mapped to org.springdoc.webmvc.api.OpenApiWebMvcResource#openapiJson(HttpServletRequest, String, Locale)
2024-01-05T13:22:25.307+07:00 DEBUG 13376 --- [http-nio-8080-exec-5] m.m.a.RequestResponseBodyMethodProcessor : Using 'application/json', given [application/json, */*] and supported [application/json]
2024-01-05T13:22:25.307+07:00 DEBUG 13376 --- [http-nio-8080-exec-5] m.m.a.RequestResponseBodyMethodProcessor : Writing [{123, 34, 111, 112, 101, 110, 97, 112, 105, 34, 58, 34, 51, 46, 48, 46, 49, 34, 44, 34, 105, 110, 10 (truncated)...]
2024-01-05T13:22:25.307+07:00 DEBUG 13376 --- [http-nio-8080-exec-5] o.s.web.servlet.DispatcherServlet        : Completed 200 OK
2024-01-05T13:22:34.786+07:00 DEBUG 13376 --- [http-nio-8080-exec-7] o.s.web.servlet.DispatcherServlet        : "ERROR" dispatch for GET "/error", parameters={}
2024-01-05T13:22:34.786+07:00 DEBUG 13376 --- [http-nio-8080-exec-7] s.w.s.m.m.a.RequestMappingHandlerMapping : Mapped to org.springframework.boot.autoconfigure.web.servlet.error.BasicErrorController#error(HttpServletRequest)
2024-01-05T13:22:34.786+07:00 DEBUG 13376 --- [http-nio-8080-exec-7] o.s.w.s.m.m.a.HttpEntityMethodProcessor  : Using 'application/json', given [*/*] and supported [application/json, application/*+json]
2024-01-05T13:22:34.786+07:00 DEBUG 13376 --- [http-nio-8080-exec-7] o.s.w.s.m.m.a.HttpEntityMethodProcessor  : Writing [{timestamp=Fri Jan 05 13:22:34 ICT 2024, status=403, error=Forbidden, message=Forbidden, path=/api/u (truncated)...]
2024-01-05T13:22:34.786+07:00 DEBUG 13376 --- [http-nio-8080-exec-7] o.s.web.servlet.DispatcherServlet        : Exiting from "ERROR" dispatch, status 403
2024-01-05T13:23:11.115+07:00 DEBUG 13376 --- [http-nio-8080-exec-8] o.s.web.servlet.DispatcherServlet        : GET "/api/admin/users", parameters={}
2024-01-05T13:23:11.115+07:00 DEBUG 13376 --- [http-nio-8080-exec-8] s.w.s.m.m.a.RequestMappingHandlerMapping : Mapped to com.research.todoapplication.controller.AdminController#getAllUser()
2024-01-05T13:23:11.124+07:00 DEBUG 13376 --- [http-nio-8080-exec-8] o.s.w.s.m.m.a.HttpEntityMethodProcessor  : Using 'application/json', given [*/*] and supported [application/json, application/*+json]
2024-01-05T13:23:11.125+07:00 DEBUG 13376 --- [http-nio-8080-exec-8] o.s.w.s.m.m.a.HttpEntityMethodProcessor  : Writing [ResponeAPI(code=200, message=Success, data=[User(userId=0, username=admin, roleId=1, password=$2a$10 (truncated)...]
2024-01-05T13:23:11.127+07:00 DEBUG 13376 --- [http-nio-8080-exec-8] o.s.web.servlet.DispatcherServlet        : Completed 200 OK
2024-01-05T13:24:05.603+07:00  INFO 13376 --- [SpringApplicationShutdownHook] com.zaxxer.hikari.HikariDataSource       : HikariPool-1 - Shutdown initiated...
2024-01-05T13:24:05.722+07:00  INFO 13376 --- [SpringApplicationShutdownHook] com.zaxxer.hikari.HikariDataSource       : HikariPool-1 - Shutdown completed.
2024-01-05T13:35:12.813+07:00  INFO 16856 --- [restartedMain] c.r.todoapplication.TodoApplication      : Starting TodoApplication using Java 21.0.1 with PID 16856 (D:\code\training_java\TodoApplication\target\classes started by lucng in D:\code\training_java\TodoApplication)
2024-01-05T13:35:12.816+07:00  INFO 16856 --- [restartedMain] c.r.todoapplication.TodoApplication      : No active profile set, falling back to 1 default profile: "default"
2024-01-05T13:35:12.902+07:00  INFO 16856 --- [restartedMain] .e.DevToolsPropertyDefaultsPostProcessor : Devtools property defaults active! Set 'spring.devtools.add-properties' to 'false' to disable
2024-01-05T13:35:12.903+07:00  INFO 16856 --- [restartedMain] .e.DevToolsPropertyDefaultsPostProcessor : For additional web related logging consider setting the 'logging.level.web' property to 'DEBUG'
2024-01-05T13:35:14.822+07:00  WARN 16856 --- [restartedMain] o.m.s.mapper.ClassPathMapperScanner      : No MyBatis mapper was found in '[com.research.todoapplication]' package. Please check your configuration.
2024-01-05T13:35:15.429+07:00  INFO 16856 --- [restartedMain] o.s.b.w.embedded.tomcat.TomcatWebServer  : Tomcat initialized with port 8080 (http)
2024-01-05T13:35:15.444+07:00  INFO 16856 --- [restartedMain] o.apache.catalina.core.StandardService   : Starting service [Tomcat]
2024-01-05T13:35:15.444+07:00  INFO 16856 --- [restartedMain] o.apache.catalina.core.StandardEngine    : Starting Servlet engine: [Apache Tomcat/10.1.17]
2024-01-05T13:35:15.514+07:00  INFO 16856 --- [restartedMain] o.a.c.c.C.[Tomcat].[localhost].[/]       : Initializing Spring embedded WebApplicationContext
2024-01-05T13:35:15.515+07:00  INFO 16856 --- [restartedMain] w.s.c.ServletWebServerApplicationContext : Root WebApplicationContext: initialization completed in 2611 ms
2024-01-05T13:35:15.748+07:00 DEBUG 16856 --- [restartedMain] o.s.w.f.ServerHttpObservationFilter      : Filter 'webMvcObservationFilter' configured for use
2024-01-05T13:35:16.034+07:00  INFO 16856 --- [restartedMain] c.r.t.repository.UserRepository          : UserRepository created
2024-01-05T13:35:16.190+07:00  INFO 16856 --- [restartedMain] c.r.t.repository.RoleRepository          : RoleRepository created
2024-01-05T13:35:16.642+07:00 DEBUG 16856 --- [restartedMain] s.w.s.m.m.a.RequestMappingHandlerMapping : 25 mappings in 'requestMappingHandlerMapping'
2024-01-05T13:35:16.730+07:00 DEBUG 16856 --- [restartedMain] o.s.w.s.handler.SimpleUrlHandlerMapping  : Patterns [/webjars/**, /**, /swagger-ui*/*swagger-initializer.js, /swagger-ui*/**] in 'resourceHandlerMapping'
2024-01-05T13:35:16.935+07:00  INFO 16856 --- [restartedMain] o.s.b.a.e.web.EndpointLinksResolver      : Exposing 1 endpoint(s) beneath base path '/actuator'
2024-01-05T13:35:17.012+07:00  INFO 16856 --- [restartedMain] o.s.s.web.DefaultSecurityFilterChain     : Will secure any request with [org.springframework.security.web.session.DisableEncodeUrlFilter@917b500, org.springframework.security.web.context.request.async.WebAsyncManagerIntegrationFilter@4aa64772, org.springframework.security.web.context.SecurityContextHolderFilter@29d035ef, org.springframework.security.web.header.HeaderWriterFilter@bd230ab, org.springframework.web.filter.CorsFilter@33790896, org.springframework.security.web.csrf.CsrfFilter@3122e4ce, org.springframework.security.web.authentication.logout.LogoutFilter@4b0e4c23, org.springframework.security.web.authentication.www.BasicAuthenticationFilter@7b88951, org.springframework.security.web.savedrequest.RequestCacheAwareFilter@6f5d36cd, org.springframework.security.web.servletapi.SecurityContextHolderAwareRequestFilter@63a109cf, org.springframework.security.web.authentication.AnonymousAuthenticationFilter@2c2147a4, org.springframework.security.web.access.ExceptionTranslationFilter@2b3e1098, org.springframework.security.web.access.intercept.AuthorizationFilter@58db64c7]
2024-01-05T13:35:17.113+07:00 DEBUG 16856 --- [restartedMain] s.w.s.m.m.a.RequestMappingHandlerAdapter : ControllerAdvice beans: 0 @ModelAttribute, 0 @InitBinder, 1 RequestBodyAdvice, 1 ResponseBodyAdvice
2024-01-05T13:35:17.181+07:00 DEBUG 16856 --- [restartedMain] .m.m.a.ExceptionHandlerExceptionResolver : ControllerAdvice beans: 1 @ExceptionHandler, 1 ResponseBodyAdvice
2024-01-05T13:35:17.526+07:00  INFO 16856 --- [restartedMain] o.s.b.d.a.OptionalLiveReloadServer       : LiveReload server is running on port 35729
2024-01-05T13:35:17.636+07:00  INFO 16856 --- [restartedMain] o.s.b.w.embedded.tomcat.TomcatWebServer  : Tomcat started on port 8080 (http) with context path ''
2024-01-05T13:35:17.657+07:00  INFO 16856 --- [restartedMain] c.r.todoapplication.TodoApplication      : Started TodoApplication in 5.519 seconds (process running for 6.827)
2024-01-05T13:35:18.326+07:00  INFO 16856 --- [RMI TCP Connection(3)-172.23.0.1] o.a.c.c.C.[Tomcat].[localhost].[/]       : Initializing Spring DispatcherServlet 'dispatcherServlet'
2024-01-05T13:35:18.327+07:00  INFO 16856 --- [RMI TCP Connection(3)-172.23.0.1] o.s.web.servlet.DispatcherServlet        : Initializing Servlet 'dispatcherServlet'
2024-01-05T13:35:18.327+07:00 DEBUG 16856 --- [RMI TCP Connection(3)-172.23.0.1] o.s.web.servlet.DispatcherServlet        : Detected StandardServletMultipartResolver
2024-01-05T13:35:18.328+07:00 DEBUG 16856 --- [RMI TCP Connection(3)-172.23.0.1] o.s.web.servlet.DispatcherServlet        : Detected AcceptHeaderLocaleResolver
2024-01-05T13:35:18.328+07:00 DEBUG 16856 --- [RMI TCP Connection(3)-172.23.0.1] o.s.web.servlet.DispatcherServlet        : Detected FixedThemeResolver
2024-01-05T13:35:18.330+07:00 DEBUG 16856 --- [RMI TCP Connection(3)-172.23.0.1] o.s.web.servlet.DispatcherServlet        : Detected org.springframework.web.servlet.view.DefaultRequestToViewNameTranslator@3ee60eef
2024-01-05T13:35:18.332+07:00 DEBUG 16856 --- [RMI TCP Connection(3)-172.23.0.1] o.s.web.servlet.DispatcherServlet        : Detected org.springframework.web.servlet.support.SessionFlashMapManager@5b17e785
2024-01-05T13:35:18.332+07:00 DEBUG 16856 --- [RMI TCP Connection(3)-172.23.0.1] o.s.web.servlet.DispatcherServlet        : enableLoggingRequestDetails='false': request parameters and headers will be masked to prevent unsafe logging of potentially sensitive data
2024-01-05T13:35:18.332+07:00  INFO 16856 --- [RMI TCP Connection(3)-172.23.0.1] o.s.web.servlet.DispatcherServlet        : Completed initialization in 5 ms
2024-01-05T13:35:18.330+07:00  INFO 16856 --- [RMI TCP Connection(2)-172.23.0.1] com.zaxxer.hikari.HikariDataSource       : HikariPool-1 - Starting...
2024-01-05T13:35:18.999+07:00  INFO 16856 --- [RMI TCP Connection(2)-172.23.0.1] com.zaxxer.hikari.pool.HikariPool        : HikariPool-1 - Added connection com.mysql.cj.jdbc.ConnectionImpl@163bf3a2
2024-01-05T13:35:19.005+07:00  INFO 16856 --- [RMI TCP Connection(2)-172.23.0.1] com.zaxxer.hikari.HikariDataSource       : HikariPool-1 - Start completed.
2024-01-05T13:36:35.799+07:00 DEBUG 16856 --- [http-nio-8080-exec-1] o.s.web.servlet.DispatcherServlet        : GET "/swagger-ui/index.html", parameters={}
2024-01-05T13:36:35.813+07:00 DEBUG 16856 --- [http-nio-8080-exec-1] o.s.w.s.handler.SimpleUrlHandlerMapping  : Mapped to ResourceHttpRequestHandler [classpath [META-INF/resources/webjars/]]
2024-01-05T13:36:35.850+07:00 DEBUG 16856 --- [http-nio-8080-exec-1] o.s.web.servlet.DispatcherServlet        : Completed 200 OK
2024-01-05T13:36:35.927+07:00 DEBUG 16856 --- [http-nio-8080-exec-2] o.s.web.servlet.DispatcherServlet        : GET "/swagger-ui/swagger-ui.css", parameters={}
2024-01-05T13:36:35.927+07:00 DEBUG 16856 --- [http-nio-8080-exec-4] o.s.web.servlet.DispatcherServlet        : GET "/swagger-ui/swagger-ui-bundle.js", parameters={}
2024-01-05T13:36:35.927+07:00 DEBUG 16856 --- [http-nio-8080-exec-2] o.s.w.s.handler.SimpleUrlHandlerMapping  : Mapped to ResourceHttpRequestHandler [classpath [META-INF/resources/webjars/]]
2024-01-05T13:36:35.943+07:00 DEBUG 16856 --- [http-nio-8080-exec-4] o.s.w.s.handler.SimpleUrlHandlerMapping  : Mapped to ResourceHttpRequestHandler [classpath [META-INF/resources/webjars/]]
2024-01-05T13:36:35.947+07:00 DEBUG 16856 --- [http-nio-8080-exec-5] o.s.web.servlet.DispatcherServlet        : GET "/swagger-ui/swagger-ui-standalone-preset.js", parameters={}
2024-01-05T13:36:35.947+07:00 DEBUG 16856 --- [http-nio-8080-exec-5] o.s.w.s.handler.SimpleUrlHandlerMapping  : Mapped to ResourceHttpRequestHandler [classpath [META-INF/resources/webjars/]]
2024-01-05T13:36:35.976+07:00 DEBUG 16856 --- [http-nio-8080-exec-2] o.s.web.servlet.DispatcherServlet        : Completed 200 OK
2024-01-05T13:36:35.927+07:00 DEBUG 16856 --- [http-nio-8080-exec-3] o.s.web.servlet.DispatcherServlet        : GET "/swagger-ui/index.css", parameters={}
2024-01-05T13:36:36.013+07:00 DEBUG 16856 --- [http-nio-8080-exec-5] o.s.web.servlet.DispatcherServlet        : Completed 200 OK
2024-01-05T13:36:36.013+07:00 DEBUG 16856 --- [http-nio-8080-exec-3] o.s.w.s.handler.SimpleUrlHandlerMapping  : Mapped to ResourceHttpRequestHandler [classpath [META-INF/resources/webjars/]]
2024-01-05T13:36:36.028+07:00 DEBUG 16856 --- [http-nio-8080-exec-2] o.s.web.servlet.DispatcherServlet        : GET "/swagger-ui/swagger-initializer.js", parameters={}
2024-01-05T13:36:36.031+07:00 DEBUG 16856 --- [http-nio-8080-exec-3] o.s.web.servlet.DispatcherServlet        : Completed 200 OK
2024-01-05T13:36:36.034+07:00 DEBUG 16856 --- [http-nio-8080-exec-2] o.s.w.s.handler.SimpleUrlHandlerMapping  : Mapped to ResourceHttpRequestHandler [classpath [META-INF/resources/webjars/]]
2024-01-05T13:36:36.087+07:00 DEBUG 16856 --- [http-nio-8080-exec-4] o.s.web.servlet.DispatcherServlet        : Completed 200 OK
2024-01-05T13:36:36.141+07:00 DEBUG 16856 --- [http-nio-8080-exec-2] o.s.web.servlet.DispatcherServlet        : Completed 200 OK
2024-01-05T13:36:36.442+07:00 DEBUG 16856 --- [http-nio-8080-exec-9] o.s.web.servlet.DispatcherServlet        : GET "/swagger-ui/favicon-32x32.png", parameters={}
2024-01-05T13:36:36.449+07:00 DEBUG 16856 --- [http-nio-8080-exec-7] o.s.web.servlet.DispatcherServlet        : GET "/v3/api-docs/swagger-config", parameters={}
2024-01-05T13:36:36.450+07:00 DEBUG 16856 --- [http-nio-8080-exec-7] s.w.s.m.m.a.RequestMappingHandlerMapping : Mapped to org.springdoc.webmvc.ui.SwaggerConfigResource#openapiJson(HttpServletRequest)
2024-01-05T13:36:36.452+07:00 DEBUG 16856 --- [http-nio-8080-exec-9] o.s.w.s.handler.SimpleUrlHandlerMapping  : Mapped to ResourceHttpRequestHandler [classpath [META-INF/resources/webjars/]]
2024-01-05T13:36:36.455+07:00 DEBUG 16856 --- [http-nio-8080-exec-9] o.s.web.servlet.DispatcherServlet        : Completed 200 OK
2024-01-05T13:36:36.484+07:00 DEBUG 16856 --- [http-nio-8080-exec-7] m.m.a.RequestResponseBodyMethodProcessor : Using 'application/json', given [*/*] and supported [application/json]
2024-01-05T13:36:36.487+07:00 DEBUG 16856 --- [http-nio-8080-exec-7] m.m.a.RequestResponseBodyMethodProcessor : Writing [{configUrl=/v3/api-docs/swagger-config, oauth2RedirectUrl=http://localhost:8080/swagger-ui/oauth2-re (truncated)...]
2024-01-05T13:36:36.498+07:00 DEBUG 16856 --- [http-nio-8080-exec-7] o.s.web.servlet.DispatcherServlet        : Completed 200 OK
2024-01-05T13:36:36.627+07:00 DEBUG 16856 --- [http-nio-8080-exec-8] o.s.web.servlet.DispatcherServlet        : GET "/v3/api-docs", parameters={}
2024-01-05T13:36:36.630+07:00 DEBUG 16856 --- [http-nio-8080-exec-8] s.w.s.m.m.a.RequestMappingHandlerMapping : Mapped to org.springdoc.webmvc.api.OpenApiWebMvcResource#openapiJson(HttpServletRequest, String, Locale)
2024-01-05T13:36:37.107+07:00  INFO 16856 --- [http-nio-8080-exec-8] o.springdoc.api.AbstractOpenApiResource  : Init duration for springdoc-openapi is: 464 ms
2024-01-05T13:36:37.164+07:00 DEBUG 16856 --- [http-nio-8080-exec-8] m.m.a.RequestResponseBodyMethodProcessor : Using 'application/json', given [application/json, */*] and supported [application/json]
2024-01-05T13:36:37.167+07:00 DEBUG 16856 --- [http-nio-8080-exec-8] m.m.a.RequestResponseBodyMethodProcessor : Writing [{123, 34, 111, 112, 101, 110, 97, 112, 105, 34, 58, 34, 51, 46, 48, 46, 49, 34, 44, 34, 105, 110, 10 (truncated)...]
2024-01-05T13:36:37.170+07:00 DEBUG 16856 --- [http-nio-8080-exec-8] o.s.web.servlet.DispatcherServlet        : Completed 200 OK
2024-01-05T13:36:52.043+07:00  INFO 16856 --- [http-nio-8080-exec-10] c.r.t.repository.UserRepository          : Get user with userId = -1 or username = admin
2024-01-05T13:36:52.381+07:00 DEBUG 16856 --- [http-nio-8080-exec-10] o.s.web.servlet.DispatcherServlet        : GET "/api/admin/users", parameters={}
2024-01-05T13:36:52.382+07:00 DEBUG 16856 --- [http-nio-8080-exec-10] s.w.s.m.m.a.RequestMappingHandlerMapping : Mapped to com.research.todoapplication.controller.AdminController#getAllUser()
2024-01-05T13:36:52.382+07:00  INFO 16856 --- [http-nio-8080-exec-10] c.r.t.repository.UserRepository          : Get all user
2024-01-05T13:36:52.402+07:00 DEBUG 16856 --- [http-nio-8080-exec-10] o.s.w.s.m.m.a.HttpEntityMethodProcessor  : Using 'application/json', given [*/*] and supported [application/json, application/*+json]
2024-01-05T13:36:52.416+07:00 DEBUG 16856 --- [http-nio-8080-exec-10] o.s.w.s.m.m.a.HttpEntityMethodProcessor  : Writing [ResponeAPI(code=200, message=Success, data=[User(userId=0, username=admin, roleId=1, password=$2a$10 (truncated)...]
2024-01-05T13:36:52.424+07:00 DEBUG 16856 --- [http-nio-8080-exec-10] o.s.web.servlet.DispatcherServlet        : Completed 200 OK
2024-01-05T13:41:03.557+07:00  INFO 16856 --- [SpringApplicationShutdownHook] com.zaxxer.hikari.HikariDataSource       : HikariPool-1 - Shutdown initiated...
2024-01-05T13:41:03.592+07:00  INFO 16856 --- [SpringApplicationShutdownHook] com.zaxxer.hikari.HikariDataSource       : HikariPool-1 - Shutdown completed.
